Determining if the pthread_create exist failed with the following output:
Change Dir: /home/liav/ClionProjects/ex6/cmake-build-debug/CMakeFiles/CMakeTmp

Run Build Command:"/usr/bin/make" "cmTC_25a14/fast"
make[1]: Entering directory '/home/liav/ClionProjects/ex6/cmake-build-debug/CMakeFiles/CMakeTmp'
/usr/bin/make -f CMakeFiles/cmTC_25a14.dir/build.make CMakeFiles/cmTC_25a14.dir/build
make[2]: Entering directory '/home/liav/ClionProjects/ex6/cmake-build-debug/CMakeFiles/CMakeTmp'
Building C object CMakeFiles/cmTC_25a14.dir/CheckSymbolExists.c.o
/usr/bin/cc     -o CMakeFiles/cmTC_25a14.dir/CheckSymbolExists.c.o   -c /home/liav/ClionProjects/ex6/cmake-build-debug/CMakeFiles/CMakeTmp/CheckSymbolExists.c
Linking C executable cmTC_25a14
/home/liav/Downloads/clion-2016.2.3/bin/cmake/bin/cmake -E cmake_link_script CMakeFiles/cmTC_25a14.dir/link.txt --verbose=1
/usr/bin/cc       CMakeFiles/cmTC_25a14.dir/CheckSymbolExists.c.o  -o cmTC_25a14 
CMakeFiles/cmTC_25a14.dir/CheckSymbolExists.c.o: In function `main':
CheckSymbolExists.c:(.text+0x16): undefined reference to `pthread_create'
collect2: error: ld returned 1 exit status
CMakeFiles/cmTC_25a14.dir/build.make:97: recipe for target 'cmTC_25a14' failed
make[2]: *** [cmTC_25a14] Error 1
make[2]: Leaving directory '/home/liav/ClionProjects/ex6/cmake-build-debug/CMakeFiles/CMakeTmp'
Makefile:126: recipe for target 'cmTC_25a14/fast' failed
make[1]: *** [cmTC_25a14/fast] Error 2
make[1]: Leaving directory '/home/liav/ClionProjects/ex6/cmake-build-debug/CMakeFiles/CMakeTmp'

File /home/liav/ClionProjects/ex6/cmake-build-debug/CMakeFiles/CMakeTmp/CheckSymbolExists.c:
/* */
#include <pthread.h>

int main(int argc, char** argv)
{
  (void)argv;
#ifndef pthread_create
  return ((int*)(&pthread_create))[argc];
#else
  (void)argc;
  return 0;
#endif
}

Determining if the function pthread_create exists in the pthreads failed with the following output:
Change Dir: /home/liav/ClionProjects/ex6/cmake-build-debug/CMakeFiles/CMakeTmp

Run Build Command:"/usr/bin/make" "cmTC_bfdcd/fast"
make[1]: Entering directory '/home/liav/ClionProjects/ex6/cmake-build-debug/CMakeFiles/CMakeTmp'
/usr/bin/make -f CMakeFiles/cmTC_bfdcd.dir/build.make CMakeFiles/cmTC_bfdcd.dir/build
make[2]: Entering directory '/home/liav/ClionProjects/ex6/cmake-build-debug/CMakeFiles/CMakeTmp'
Building C object CMakeFiles/cmTC_bfdcd.dir/CheckFunctionExists.c.o
/usr/bin/cc    -DCHECK_FUNCTION_EXISTS=pthread_create   -o CMakeFiles/cmTC_bfdcd.dir/CheckFunctionExists.c.o   -c /home/liav/Downloads/clion-2016.2.3/bin/cmake/share/cmake-3.6/Modules/CheckFunctionExists.c
Linking C executable cmTC_bfdcd
/home/liav/Downloads/clion-2016.2.3/bin/cmake/bin/cmake -E cmake_link_script CMakeFiles/cmTC_bfdcd.dir/link.txt --verbose=1
/usr/bin/cc   -DCHECK_FUNCTION_EXISTS=pthread_create    CMakeFiles/cmTC_bfdcd.dir/CheckFunctionExists.c.o  -o cmTC_bfdcd -lpthreads 
/usr/bin/ld: cannot find -lpthreads
collect2: error: ld returned 1 exit status
CMakeFiles/cmTC_bfdcd.dir/build.make:97: recipe for target 'cmTC_bfdcd' failed
make[2]: *** [cmTC_bfdcd] Error 1
make[2]: Leaving directory '/home/liav/ClionProjects/ex6/cmake-build-debug/CMakeFiles/CMakeTmp'
Makefile:126: recipe for target 'cmTC_bfdcd/fast' failed
make[1]: *** [cmTC_bfdcd/fast] Error 2
make[1]: Leaving directory '/home/liav/ClionProjects/ex6/cmake-build-debug/CMakeFiles/CMakeTmp'


